# JRE version: OpenJDK Runtime Environment Temurin-22.0.2+9 (22.0.2+9) (build 22.0.2+9)
# Java VM: OpenJDK 64-Bit Server VM Temurin-22.0.2+9 (22.0.2+9, mixed mode, tiered, compressed oops, compressed class ptrs, g1 gc, windows-amd64)
GC Precious Log:
 CardTable entry size: 512
 Card Set container configuration: InlinePtr #cards 4 size 8 Array Of Cards #cards 16 size 48 Howl #buckets 8 coarsen threshold 3686 Howl Bitmap #cards 512 size 80 coarsen threshold 460 Card regions per heap region 1 cards per card region 4096
 CPUs: 12 total, 12 available
 Memory: 16191M
 Large Page Support: Disabled
 NUMA Support: Disabled
 Compressed Oops: Enabled (Zero based)
 Heap Region Size: 2M
 Heap Min Capacity: 8M
 Heap Initial Capacity: 254M
 Heap Max Capacity: 4048M
 Pre-touch: Disabled
 Parallel Workers: 10
 Concurrent Workers: 3
 Concurrent Refinement Workers: 10
 Periodic GC: Disabled
Heap:
 garbage-first heap   total reserved 4145152K, committed 61440K, used 39961K [0x0000000703000000, 0x0000000800000000)
  region size 2048K, 12 young (24576K), 0 survivors (0K)
 Metaspace       used 58820K, committed 59520K, reserved 1114112K
  class space    used 6640K, committed 6976K, reserved 1048576K
GC Heap History (20 events):
Event: 5761.774 GC heap before
{Heap before GC invocations=46 (full 9):
 garbage-first heap   total reserved 4145152K, committed 69632K, used 57127K [0x0000000703000000, 0x0000000800000000)
  region size 2048K, 17 young (34816K), 1 survivors (2048K)
 Metaspace       used 58203K, committed 58944K, reserved 1114112K
  class space    used 6615K, committed 6976K, reserved 1048576K
}
Event: 5761.776 GC heap after
{Heap after GC invocations=47 (full 9):
 garbage-first heap   total reserved 4145152K, committed 69632K, used 22259K [0x0000000703000000, 0x0000000800000000)
  region size 2048K, 1 young (2048K), 1 survivors (2048K)
 Metaspace       used 58203K, committed 58944K, reserved 1114112K
  class space    used 6615K, committed 6976K, reserved 1048576K
}
Event: 6490.936 GC heap before
{Heap before GC invocations=47 (full 9):
 garbage-first heap   total reserved 4145152K, committed 69632K, used 57075K [0x0000000703000000, 0x0000000800000000)
  region size 2048K, 18 young (36864K), 1 survivors (2048K)
 Metaspace       used 58204K, committed 58944K, reserved 1114112K
  class space    used 6615K, committed 6976K, reserved 1048576K
}
Event: 6490.938 GC heap after
{Heap after GC invocations=48 (full 9):
 garbage-first heap   total reserved 4145152K, committed 69632K, used 22270K [0x0000000703000000, 0x0000000800000000)
  region size 2048K, 1 young (2048K), 1 survivors (2048K)
 Metaspace       used 58204K, committed 58944K, reserved 1114112K
  class space    used 6615K, committed 6976K, reserved 1048576K
}
Event: 7221.875 GC heap before
{Heap before GC invocations=48 (full 9):
 garbage-first heap   total reserved 4145152K, committed 69632K, used 57086K [0x0000000703000000, 0x0000000800000000)
  region size 2048K, 18 young (36864K), 1 survivors (2048K)
 Metaspace       used 58205K, committed 58944K, reserved 1114112K
  class space    used 6615K, committed 6976K, reserved 1048576K
}
Event: 7221.877 GC heap after
{Heap after GC invocations=49 (full 9):
 garbage-first heap   total reserved 4145152K, committed 69632K, used 22269K [0x0000000703000000, 0x0000000800000000)
  region size 2048K, 1 young (2048K), 1 survivors (2048K)
 Metaspace       used 58205K, committed 58944K, reserved 1114112K
  class space    used 6615K, committed 6976K, reserved 1048576K
}
Event: 7951.923 GC heap before
{Heap before GC invocations=49 (full 9):
 garbage-first heap   total reserved 4145152K, committed 69632K, used 57085K [0x0000000703000000, 0x0000000800000000)
  region size 2048K, 18 young (36864K), 1 survivors (2048K)
 Metaspace       used 58206K, committed 58944K, reserved 1114112K
  class space    used 6615K, committed 6976K, reserved 1048576K
}
Event: 7951.934 GC heap after
{Heap after GC invocations=50 (full 9):
 garbage-first heap   total reserved 4145152K, committed 69632K, used 22263K [0x0000000703000000, 0x0000000800000000)
  region size 2048K, 1 young (2048K), 1 survivors (2048K)
 Metaspace       used 58206K, committed 58944K, reserved 1114112K
  class space    used 6615K, committed 6976K, reserved 1048576K
}
Event: 8681.964 GC heap before
{Heap before GC invocations=50 (full 9):
 garbage-first heap   total reserved 4145152K, committed 69632K, used 57079K [0x0000000703000000, 0x0000000800000000)
  region size 2048K, 18 young (36864K), 1 survivors (2048K)
 Metaspace       used 58206K, committed 58944K, reserved 1114112K
  class space    used 6615K, committed 6976K, reserved 1048576K
}
Event: 8681.965 GC heap after
{Heap after GC invocations=51 (full 9):
 garbage-first heap   total reserved 4145152K, committed 69632K, used 22265K [0x0000000703000000, 0x0000000800000000)
  region size 2048K, 1 young (2048K), 1 survivors (2048K)
 Metaspace       used 58206K, committed 58944K, reserved 1114112K
  class space    used 6615K, committed 6976K, reserved 1048576K
}
Event: 9350.927 GC heap before
{Heap before GC invocations=51 (full 9):
 garbage-first heap   total reserved 4145152K, committed 69632K, used 52985K [0x0000000703000000, 0x0000000800000000)
  region size 2048K, 17 young (34816K), 1 survivors (2048K)
 Metaspace       used 58209K, committed 58944K, reserved 1114112K
  class space    used 6615K, committed 6976K, reserved 1048576K
}
Event: 9351.003 GC heap after
{Heap after GC invocations=52 (full 10):
 garbage-first heap   total reserved 4145152K, committed 61440K, used 15255K [0x0000000703000000, 0x0000000800000000)
  region size 2048K, 0 young (0K), 0 survivors (0K)
 Metaspace       used 57923K, committed 58944K, reserved 1114112K
  class space    used 6536K, committed 6976K, reserved 1048576K
}
Event: 9352.629 GC heap before
{Heap before GC invocations=52 (full 10):
 garbage-first heap   total reserved 4145152K, committed 61440K, used 52119K [0x0000000703000000, 0x0000000800000000)
  region size 2048K, 18 young (36864K), 0 survivors (0K)
 Metaspace       used 58411K, committed 59136K, reserved 1114112K
  class space    used 6605K, committed 6976K, reserved 1048576K
}
Event: 9352.636 GC heap after
{Heap after GC invocations=53 (full 10):
 garbage-first heap   total reserved 4145152K, committed 61440K, used 20620K [0x0000000703000000, 0x0000000800000000)
  region size 2048K, 3 young (6144K), 3 survivors (6144K)
 Metaspace       used 58411K, committed 59136K, reserved 1114112K
  class space    used 6605K, committed 6976K, reserved 1048576K
}
Event: 9594.368 GC heap before
{Heap before GC invocations=53 (full 10):
 garbage-first heap   total reserved 4145152K, committed 61440K, used 34956K [0x0000000703000000, 0x0000000800000000)
  region size 2048K, 11 young (22528K), 3 survivors (6144K)
 Metaspace       used 58455K, committed 59200K, reserved 1114112K
  class space    used 6610K, committed 6976K, reserved 1048576K
}
Event: 9594.433 GC heap after
{Heap after GC invocations=54 (full 11):
 garbage-first heap   total reserved 4145152K, committed 61440K, used 17258K [0x0000000703000000, 0x0000000800000000)
  region size 2048K, 0 young (0K), 0 survivors (0K)
 Metaspace       used 58400K, committed 59200K, reserved 1114112K
  class space    used 6596K, committed 6976K, reserved 1048576K
}
Event: 9595.270 GC heap before
{Heap before GC invocations=54 (full 11):
 garbage-first heap   total reserved 4145152K, committed 61440K, used 52074K [0x0000000703000000, 0x0000000800000000)
  region size 2048K, 17 young (34816K), 0 survivors (0K)
 Metaspace       used 58699K, committed 59392K, reserved 1114112K
  class space    used 6624K, committed 6976K, reserved 1048576K
}
Event: 9595.274 GC heap after
{Heap after GC invocations=55 (full 11):
 garbage-first heap   total reserved 4145152K, committed 61440K, used 21058K [0x0000000703000000, 0x0000000800000000)
  region size 2048K, 2 young (4096K), 2 survivors (4096K)
 Metaspace       used 58699K, committed 59392K, reserved 1114112K
  class space    used 6624K, committed 6976K, reserved 1048576K
}
Event: 9647.804 GC heap before
{Heap before GC invocations=55 (full 11):
 garbage-first heap   total reserved 4145152K, committed 61440K, used 25154K [0x0000000703000000, 0x0000000800000000)
  region size 2048K, 5 young (10240K), 2 survivors (4096K)
 Metaspace       used 58705K, committed 59456K, reserved 1114112K
  class space    used 6625K, committed 6976K, reserved 1048576K
}
Event: 9647.860 GC heap after
{Heap after GC invocations=56 (full 12):
 garbage-first heap   total reserved 4145152K, committed 61440K, used 17433K [0x0000000703000000, 0x0000000800000000)
  region size 2048K, 0 young (0K), 0 survivors (0K)
 Metaspace       used 58702K, committed 59456K, reserved 1114112K
  class space    used 6624K, committed 6976K, reserved 1048576K
}

